🧬 loaded config '/etc/netbox/config/configuration.py'
🧬 loaded config '/etc/netbox/config/extra.py'
🧬 loaded config '/etc/netbox/config/logging.py'
🧬 loaded config '/etc/netbox/config/plugins.py'
✓ Created site: Inf Opg128 Clos Ro Liquid (inf-opg128-clos-ro-liquid)

Topology Plan: Inference OPG-128 Clos RO Liquid 8srv
  ID: 59
  Status: draft
  Server Classes: 1
  Switch Classes: 4

✓ Recalculated switch quantities
  - be-rail-leaf: calculated=2 override=None effective=2
  - fe-leaf: calculated=2 override=None effective=2
  - be-spine: calculated=1 override=None effective=1
  - fe-spine: calculated=1 override=None effective=1

=== GENERATING OBJECTS ===

✓ Generation complete!

Created:
  Devices: 22
  Interfaces: 416
  Cables: 288

  Site: Inf Opg128 Clos Ro Liquid
  Status: planned

  Tagged with: hedgehog-generated
  Custom field: hedgehog_plan_id=59

💡 Next steps:
  - View devices in NetBox UI
  - Filter by tag: hedgehog-generated
  - Or custom field: hedgehog_plan_id=59
  - Check cable connections
🧬 loaded config '/etc/netbox/config/configuration.py'
🧬 loaded config '/etc/netbox/config/extra.py'
🧬 loaded config '/etc/netbox/config/logging.py'
🧬 loaded config '/etc/netbox/config/plugins.py'

[OK] Export complete: /tmp/ra_pipeline/inference_opg128_clos_ro_liquid_8srv/netbox/plan_inventory.json
  plan_id:    59
  sha256:     af35caca411260eff65fc66ed0102cc97e267400cab57095bb9e90dd9f2425c3
  bytes:      476222
  lines:      19757
  devices:    22
  modules:    144
  interfaces: 704
  cables:     288
🧬 loaded config '/etc/netbox/config/configuration.py'
🧬 loaded config '/etc/netbox/config/extra.py'
🧬 loaded config '/etc/netbox/config/logging.py'
🧬 loaded config '/etc/netbox/config/plugins.py'

[OK] Export complete: /tmp/ra_pipeline/inference_opg128_clos_ro_liquid_8srv/netbox/interface_connections.csv
  plan_id:    59
  sha256:     bded875ebae053340509247888c758a7e43a13b661b96b5b4811b79cc8e2d0f4
  bytes:      21533
  rows:       288
